#
# There is insufficient memory for the Java Runtime Environment to continue.
# Native memory allocation (malloc) failed to allocate 567616 bytes for Chunk::new
# Possible reasons:
#   The system is out of physical RAM or swap space
#   The process is running with CompressedOops enabled, and the Java Heap may be blocking the growth of the native heap
# Possible solutions:
#   Reduce memory load on the system
#   Increase physical memory or swap space
#   Check if swap backing store is full
#   Decrease Java heap size (-Xmx/-Xms)
#   Decrease number of Java threads
#   Decrease Java thread stack sizes (-Xss)
#   Set larger code cache with -XX:ReservedCodeCacheSize=
#   JVM is running with Unscaled Compressed Oops mode in which the Java heap is
#     placed in the first 4GB address space. The Java Heap base address is the
#     maximum limit for the native heap growth. Please use -XX:HeapBaseMinAddress
#     to set the Java Heap base and to place the Java Heap above 4GB virtual address.
# This output file may be truncated or incomplete.
#
#  Out of Memory Error (arena.cpp:189), pid=11916, tid=3168
#
# JRE version: OpenJDK Runtime Environment Corretto-17.0.5.8.1 (17.0.5+8) (build 17.0.5+8-LTS)
# Java VM: OpenJDK 64-Bit Server VM Corretto-17.0.5.8.1 (17.0.5+8-LTS, mixed mode, sharing, tiered, compressed oops, compressed class ptrs, g1 gc, windows-amd64)
# No core dump will be written. Minidumps are not enabled by default on client versions of Windows
#

---------------  S U M M A R Y ------------

Command Line: -Dfile.encoding=x-windows-949 -Duser.country=KR -Duser.language=ko -Duser.variant com.example.ama_backend.AmaBackendApplication

Host: Intel(R) Core(TM) i5-8250U CPU @ 1.60GHz, 8 cores, 7G,  Windows 11 , 64 bit Build 22000 (10.0.22000.708)
Time: Sun May 14 10:53:10 2023  Windows 11 , 64 bit Build 22000 (10.0.22000.708) elapsed time: 54456.157849 seconds (0d 15h 7m 36s)

---------------  T H R E A D  ---------------

Current thread (0x000001d4fd4e9500):  JavaThread "C2 CompilerThread0" daemon [_thread_in_native, id=3168, stack(0x00000027fd400000,0x00000027fd500000)]


Current CompileTask:
C2:54456169 7849   !   4       java.util.concurrent.ThreadPoolExecutor::runWorker (187 bytes)

Stack: [0x00000027fd400000,0x00000027fd500000]
Native frames: (J=compiled Java code, j=interpreted, Vv=VM code, C=native code)
V  [jvm.dll+0x646e0a]
V  [jvm.dll+0x7f7f14]
V  [jvm.dll+0x7f96ce]
V  [jvm.dll+0x7f9d23]
V  [jvm.dll+0x234c98]
V  [jvm.dll+0xbccfc]
V  [jvm.dll+0xbd2dc]
V  [jvm.dll+0x34d727]
V  [jvm.dll+0x31821f]
V  [jvm.dll+0x31765a]
V  [jvm.dll+0x2092a5]
V  [jvm.dll+0x208837]
V  [jvm.dll+0x198a9d]
V  [jvm.dll+0x217bdd]
V  [jvm.dll+0x215e24]
V  [jvm.dll+0x7b06ab]
V  [jvm.dll+0x7aac5a]
V  [jvm.dll+0x645cd5]
C  [ucrtbase.dll+0x26c0c]
C  [KERNEL32.DLL+0x154e0]
C  [ntdll.dll+0x485b]


---------------  P R O C E S S  ---------------

Threads class SMR info:
_java_thread_list=0x000001d4ff8510e0, length=28, elements={
0x000001d4fd4c4e10, 0x000001d4fd4c5c80, 0x000001d4fd4e2940, 0x000001d4fd4e5400,
0x000001d4fd4e5db0, 0x000001d4fd4e8770, 0x000001d4fd4e9500, 0x000001d4fd4ef3d0,
0x000001d4fd4f9cf0, 0x000001d4fe5114d0, 0x000001d4fe514e00, 0x000001d4fff84770,
0x000001d4ff114080, 0x000001d4ffdada70, 0x000001d4811de280, 0x000001d482ee36f0,
0x000001d482ee1ee0, 0x000001d482ee2880, 0x000001d482ee2d50, 0x000001d482ee3220,
0x000001d480cb17d0, 0x000001d480cb0490, 0x000001d480cabc60, 0x000001d480cb0960,
0x000001d480cb0e30, 0x000001d480cacfa0, 0x000001d480cac600, 0x000001d480cafaf0
}

Java Threads: ( => current thread )
  0x000001d4fd4c4e10 JavaThread "Reference Handler" daemon [_thread_blocked, id=4948, stack(0x00000027fce00000,0x00000027fcf00000)]
  0x000001d4fd4c5c80 JavaThread "Finalizer" daemon [_thread_blocked, id=29560, stack(0x00000027fcf00000,0x00000027fd000000)]
  0x000001d4fd4e2940 JavaThread "Signal Dispatcher" daemon [_thread_blocked, id=25300, stack(0x00000027fd000000,0x00000027fd100000)]
  0x000001d4fd4e5400 JavaThread "Attach Listener" daemon [_thread_blocked, id=28936, stack(0x00000027fd100000,0x00000027fd200000)]
  0x000001d4fd4e5db0 JavaThread "Service Thread" daemon [_thread_blocked, id=8788, stack(0x00000027fd200000,0x00000027fd300000)]
  0x000001d4fd4e8770 JavaThread "Monitor Deflation Thread" daemon [_thread_blocked, id=25536, stack(0x00000027fd300000,0x00000027fd400000)]
=>0x000001d4fd4e9500 JavaThread "C2 CompilerThread0" daemon [_thread_in_native, id=3168, stack(0x00000027fd400000,0x00000027fd500000)]
  0x000001d4fd4ef3d0 JavaThread "C1 CompilerThread0" daemon [_thread_blocked, id=10268, stack(0x00000027fd500000,0x00000027fd600000)]
  0x000001d4fd4f9cf0 JavaThread "Sweeper thread" daemon [_thread_blocked, id=28620, stack(0x00000027fd600000,0x00000027fd700000)]
  0x000001d4fe5114d0 JavaThread "Notification Thread" daemon [_thread_blocked, id=10140, stack(0x00000027fd700000,0x00000027fd800000)]
  0x000001d4fe514e00 JavaThread "Common-Cleaner" daemon [_thread_blocked, id=29040, stack(0x00000027fd900000,0x00000027fda00000)]
  0x000001d4fff84770 JavaThread "HikariPool-1 housekeeper" daemon [_thread_blocked, id=29444, stack(0x00000027fe300000,0x00000027fe400000)]
  0x000001d4ff114080 JavaThread "Catalina-utility-1" [_thread_blocked, id=9520, stack(0x00000027fe500000,0x00000027fe600000)]
  0x000001d4ffdada70 JavaThread "Catalina-utility-2" [_thread_blocked, id=29752, stack(0x00000027fe600000,0x00000027fe700000)]
  0x000001d4811de280 JavaThread "container-0" [_thread_blocked, id=17704, stack(0x00000027fe700000,0x00000027fe800000)]
  0x000001d482ee36f0 JavaThread "http-nio-8080-exec-1" daemon [_thread_blocked, id=30032, stack(0x00000027fe400000,0x00000027fe500000)]
  0x000001d482ee1ee0 JavaThread "http-nio-8080-exec-2" daemon [_thread_blocked, id=25720, stack(0x00000027fe800000,0x00000027fe900000)]
  0x000001d482ee2880 JavaThread "http-nio-8080-exec-3" daemon [_thread_blocked, id=11216, stack(0x00000027fe900000,0x00000027fea00000)]
  0x000001d482ee2d50 JavaThread "http-nio-8080-exec-4" daemon [_thread_blocked, id=23756, stack(0x00000027fea00000,0x00000027feb00000)]
  0x000001d482ee3220 JavaThread "http-nio-8080-exec-5" daemon [_thread_blocked, id=26576, stack(0x00000027feb00000,0x00000027fec00000)]
  0x000001d480cb17d0 JavaThread "http-nio-8080-exec-6" daemon [_thread_blocked, id=6328, stack(0x00000027fec00000,0x00000027fed00000)]
  0x000001d480cb0490 JavaThread "http-nio-8080-exec-7" daemon [_thread_blocked, id=2284, stack(0x00000027fed00000,0x00000027fee00000)]
  0x000001d480cabc60 JavaThread "http-nio-8080-exec-8" daemon [_thread_blocked, id=29740, stack(0x00000027fee00000,0x00000027fef00000)]
  0x000001d480cb0960 JavaThread "http-nio-8080-exec-9" daemon [_thread_blocked, id=17084, stack(0x00000027fef00000,0x00000027ff000000)]
  0x000001d480cb0e30 JavaThread "http-nio-8080-exec-10" daemon [_thread_blocked, id=27276, stack(0x00000027ff000000,0x00000027ff100000)]
  0x000001d480cacfa0 JavaThread "http-nio-8080-Poller" daemon [_thread_in_native, id=16620, stack(0x00000027ff100000,0x00000027ff200000)]
  0x000001d480cac600 JavaThread "http-nio-8080-Acceptor" daemon [_thread_in_native, id=28312, stack(0x00000027ff200000,0x00000027ff300000)]
  0x000001d480cafaf0 JavaThread "DestroyJavaVM" [_thread_blocked, id=23580, stack(0x00000027fc700000,0x00000027fc800000)]

Other Threads:
  0x000001d4fd4bd550 VMThread "VM Thread" [stack: 0x00000027fcd00000,0x00000027fce00000] [id=29744]
  0x000001d4df69d6b0 WatcherThread [stack: 0x00000027fd800000,0x00000027fd900000] [id=15320]
  0x000001d4df67af40 GCTaskThread "GC Thread#0" [stack: 0x00000027fc800000,0x00000027fc900000] [id=1612]
  0x000001d4ff07aef0 GCTaskThread "GC Thread#1" [stack: 0x00000027fda00000,0x00000027fdb00000] [id=9068]
  0x000001d4ff07b1a0 GCTaskThread "GC Thread#2" [stack: 0x00000027fdb00000,0x00000027fdc00000] [id=6568]
  0x000001d4ff027c90 GCTaskThread "GC Thread#3" [stack: 0x00000027fdc00000,0x00000027fdd00000] [id=14960]
  0x000001d4ff06c6e0 GCTaskThread "GC Thread#4" [stack: 0x00000027fdd00000,0x00000027fde00000] [id=24608]
  0x000001d4ff318de0 GCTaskThread "GC Thread#5" [stack: 0x00000027fdf00000,0x00000027fe000000] [id=27504]
  0x000001d4ff7cf580 GCTaskThread "GC Thread#6" [stack: 0x00000027fe000000,0x00000027fe100000] [id=23564]
  0x000001d4ff1284e0 GCTaskThread "GC Thread#7" [stack: 0x00000027fe100000,0x00000027fe200000] [id=26224]
  0x000001d4df68c990 ConcurrentGCThread "G1 Main Marker" [stack: 0x00000027fc900000,0x00000027fca00000] [id=25748]
  0x000001d4df68dbe0 ConcurrentGCThread "G1 Conc#0" [stack: 0x00000027fca00000,0x00000027fcb00000] [id=15720]
  0x000001d4ff39e750 ConcurrentGCThread "G1 Conc#1" [stack: 0x00000027fde00000,0x00000027fdf00000] [id=30160]
  0x000001d4df6decb0 ConcurrentGCThread "G1 Refine#0" [stack: 0x00000027fcb00000,0x00000027fcc00000] [id=2568]
  0x000001d4fff84cc0 ConcurrentGCThread "G1 Refine#1" [stack: 0x00000027fe200000,0x00000027fe300000] [id=29020]
  0x000001d4fd3744e0 ConcurrentGCThread "G1 Service" [stack: 0x00000027fcc00000,0x00000027fcd00000] [id=5912]

Threads with active compile tasks:
C2 CompilerThread0  54457145 7849   !   4       java.util.concurrent.ThreadPoolExecutor::runWorker (187 bytes)

VM state: not at safepoint (normal execution)

VM Mutex/Monitor currently owned by a thread: None

Heap address: 0x0000000082800000, size: 2008 MB, Compressed Oops mode: 32-bit

CDS archive(s) mapped at: [0x0000000800000000-0x0000000800bc0000-0x0000000800bc0000), size 12320768, SharedBaseAddress: 0x0000000800000000, ArchiveRelocationMode: 0.
Compressed class space mapped at: 0x0000000800c00000-0x0000000840c00000, reserved size: 1073741824
Narrow klass base: 0x0000000800000000, Narrow klass shift: 0, Narrow klass range: 0x100000000

GC Precious Log:
 CPUs: 8 total, 8 available
 Memory: 8025M
 Large Page Support: Disabled
 NUMA Support: Disabled
 Compressed Oops: Enabled (32-bit)
 Heap Region Size: 1M
 Heap Min Capacity: 8M
 Heap Initial Capacity: 126M
 Heap Max Capacity: 2008M
 Pre-touch: Disabled
 Parallel Workers: 8
 Concurrent Workers: 2
 Concurrent Refinement Workers: 8
 Periodic GC: Disabled

Heap:
 garbage-first heap   total 58368K, used 42153K [0x0000000082800000, 0x0000000100000000)
  region size 1024K, 13 young (13312K), 1 survivors (1024K)
 Metaspace       used 72313K, committed 72832K, reserved 1114112K
  class space    used 9617K, committed 9856K, reserved 1048576K

Heap Regions: E=young(eden), S=young(survivor), O=old, HS=humongous(starts), HC=humongous(continues), CS=collection set, F=free, OA=open archive, CA=closed archive, TAMS=top-at-mark-start (previous, next)
|   0|0x0000000082800000, 0x0000000082900000, 0x0000000082900000|100%|HS|  |TAMS 0x0000000082900000, 0x0000000082800000| Complete 
|   1|0x0000000082900000, 0x0000000082a00000, 0x0000000082a00000|100%| O|  |TAMS 0x0000000082a00000, 0x0000000082900000| Untracked 
|   2|0x0000000082a00000, 0x0000000082b00000, 0x0000000082b00000|100%| O|  |TAMS 0x0000000082b00000, 0x0000000082a00000| Untracked 
|   3|0x0000000082b00000, 0x0000000082c00000, 0x0000000082c00000|100%| O|  |TAMS 0x0000000082c00000, 0x0000000082b00000| Untracked 
|   4|0x0000000082c00000, 0x0000000082d00000, 0x0000000082d00000|100%| O|  |TAMS 0x0000000082d00000, 0x0000000082c00000| Untracked 
|   5|0x0000000082d00000, 0x0000000082e00000, 0x0000000082e00000|100%| O|  |TAMS 0x0000000082e00000, 0x0000000082d00000| Untracked 
|   6|0x0000000082e00000, 0x0000000082f00000, 0x0000000082f00000|100%| O|  |TAMS 0x0000000082f00000, 0x0000000082e00000| Untracked 
|   7|0x0000000082f00000, 0x0000000083000000, 0x0000000083000000|100%| O|  |TAMS 0x0000000083000000, 0x0000000082f00000| Untracked 
|   8|0x0000000083000000, 0x0000000083100000, 0x0000000083100000|100%| O|  |TAMS 0x0000000083100000, 0x0000000083000000| Untracked 
|   9|0x0000000083100000, 0x0000000083200000, 0x0000000083200000|100%| O|  |TAMS 0x0000000083200000, 0x0000000083100000| Untracked 
|  10|0x0000000083200000, 0x0000000083300000, 0x0000000083300000|100%| O|  |TAMS 0x0000000083300000, 0x0000000083200000| Untracked 
|  11|0x0000000083300000, 0x0000000083400000, 0x0000000083400000|100%| O|  |TAMS 0x0000000083400000, 0x0000000083300000| Untracked 
|  12|0x0000000083400000, 0x0000000083500000, 0x0000000083500000|100%| O|  |TAMS 0x0000000083500000, 0x0000000083400000| Untracked 
|  13|0x0000000083500000, 0x0000000083600000, 0x0000000083600000|100%| O|  |TAMS 0x0000000083600000, 0x0000000083500000| Untracked 
|  14|0x0000000083600000, 0x0000000083700000, 0x0000000083700000|100%| O|  |TAMS 0x0000000083700000, 0x0000000083600000| Untracked 
|  15|0x0000000083700000, 0x0000000083800000, 0x0000000083800000|100%| O|  |TAMS 0x0000000083800000, 0x0000000083700000| Untracked 
|  16|0x0000000083800000, 0x0000000083900000, 0x0000000083900000|100%| O|  |TAMS 0x0000000083900000, 0x0000000083800000| Untracked 
|  17|0x0000000083900000, 0x0000000083a00000, 0x0000000083a00000|100%| O|  |TAMS 0x0000000083a00000, 0x0000000083900000| Untracked 
|  18|0x0000000083a00000, 0x0000000083b00000, 0x0000000083b00000|100%| O|  |TAMS 0x0000000083b00000, 0x0000000083a00000| Untracked 
|  19|0x0000000083b00000, 0x0000000083c00000, 0x0000000083c00000|100%| O|  |TAMS 0x0000000083c00000, 0x0000000083b00000| Untracked 
|  20|0x0000000083c00000, 0x0000000083d00000, 0x0000000083d00000|100%| O|  |TAMS 0x0000000083d00000, 0x0000000083c00000| Untracked 
|  21|0x0000000083d00000, 0x0000000083e00000, 0x0000000083e00000|100%| O|  |TAMS 0x0000000083e00000, 0x0000000083d00000| Untracked 
|  22|0x0000000083e00000, 0x0000000083f00000, 0x0000000083f00000|100%| O|  |TAMS 0x0000000083f00000, 0x0000000083e00000| Untracked 
|  23|0x0000000083f00000, 0x0000000084000000, 0x0000000084000000|100%| O|  |TAMS 0x0000000084000000, 0x0000000083f00000| Untracked 
|  24|0x0000000084000000, 0x0000000084100000, 0x0000000084100000|100%| O|  |TAMS 0x0000000084100000, 0x0000000084000000| Untracked 
|  25|0x0000000084100000, 0x0000000084200000, 0x0000000084200000|100%| O|  |TAMS 0x0000000084200000, 0x0000000084100000| Untracked 
|  26|0x0000000084200000, 0x0000000084300000, 0x0000000084300000|100%| O|  |TAMS 0x0000000084300000, 0x0000000084200000| Untracked 
|  27|0x0000000084300000, 0x0000000084400000, 0x0000000084400000|100%| O|  |TAMS 0x00000000843eb400, 0x0000000084300000| Untracked 
|  28|0x0000000084400000, 0x0000000084500000, 0x0000000084500000|100%| O|  |TAMS 0x0000000084400000, 0x0000000084400000| Untracked 
|  29|0x0000000084500000, 0x000000008452a600, 0x0000000084600000| 16%| O|  |TAMS 0x0000000084500000, 0x0000000084500000| Untracked 
|  30|0x0000000084600000, 0x0000000084600000, 0x0000000084700000|  0%| F|  |TAMS 0x0000000084600000, 0x0000000084600000| Untracked 
|  31|0x0000000084700000, 0x0000000084700000, 0x0000000084800000|  0%| F|  |TAMS 0x0000000084700000, 0x0000000084700000| Untracked 
|  32|0x0000000084800000, 0x0000000084800000, 0x0000000084900000|  0%| F|  |TAMS 0x0000000084800000, 0x0000000084800000| Untracked 
|  33|0x0000000084900000, 0x0000000084900000, 0x0000000084a00000|  0%| F|  |TAMS 0x0000000084900000, 0x0000000084900000| Untracked 
|  34|0x0000000084a00000, 0x0000000084a00000, 0x0000000084b00000|  0%| F|  |TAMS 0x0000000084a00000, 0x0000000084a00000| Untracked 
|  35|0x0000000084b00000, 0x0000000084b00000, 0x0000000084c00000|  0%| F|  |TAMS 0x0000000084b00000, 0x0000000084b00000| Untracked 
|  36|0x0000000084c00000, 0x0000000084c00000, 0x0000000084d00000|  0%| F|  |TAMS 0x0000000084c00000, 0x0000000084c00000| Untracked 
|  37|0x0000000084d00000, 0x0000000084d00000, 0x0000000084e00000|  0%| F|  |TAMS 0x0000000084d00000, 0x0000000084d00000| Untracked 
|  38|0x0000000084e00000, 0x0000000084e00000, 0x0000000084f00000|  0%| F|  |TAMS 0x0000000084e00000, 0x0000000084e00000| Untracked 
|  39|0x0000000084f00000, 0x0000000085000000, 0x0000000085000000|100%| S|CS|TAMS 0x0000000084f00000, 0x0000000084f00000| Complete 
|  40|0x0000000085000000, 0x0000000085000000, 0x0000000085100000|  0%| F|  |TAMS 0x0000000085000000, 0x0000000085000000| Untracked 
|  41|0x0000000085100000, 0x0000000085100000, 0x0000000085200000|  0%| F|  |TAMS 0x0000000085100000, 0x0000000085100000| Untracked 
|  42|0x0000000085200000, 0x0000000085200000, 0x0000000085300000|  0%| F|  |TAMS 0x0000000085200000, 0x0000000085200000| Untracked 
|  43|0x0000000085300000, 0x0000000085300000, 0x0000000085400000|  0%| F|  |TAMS 0x0000000085300000, 0x0000000085300000| Untracked 
|  44|0x0000000085400000, 0x0000000085400000, 0x0000000085500000|  0%| F|  |TAMS 0x0000000085400000, 0x0000000085400000| Untracked 
|  45|0x0000000085500000, 0x00000000855aa120, 0x0000000085600000| 66%| E|  |TAMS 0x0000000085500000, 0x0000000085500000| Complete 
|  46|0x0000000085600000, 0x0000000085700000, 0x0000000085700000|100%| E|CS|TAMS 0x0000000085600000, 0x0000000085600000| Complete 
|  47|0x0000000085700000, 0x0000000085800000, 0x0000000085800000|100%| E|CS|TAMS 0x0000000085700000, 0x0000000085700000| Complete 
|  48|0x0000000085800000, 0x0000000085900000, 0x0000000085900000|100%| E|CS|TAMS 0x0000000085800000, 0x0000000085800000| Complete 
|  49|0x0000000085900000, 0x0000000085a00000, 0x0000000085a00000|100%| E|CS|TAMS 0x0000000085900000, 0x0000000085900000| Complete 
|  55|0x0000000085f00000, 0x0000000086000000, 0x0000000086000000|100%| E|CS|TAMS 0x0000000085f00000, 0x0000000085f00000| Complete 
|  56|0x0000000086000000, 0x0000000086100000, 0x0000000086100000|100%| E|CS|TAMS 0x0000000086000000, 0x0000000086000000| Complete 
|  57|0x0000000086100000, 0x0000000086200000, 0x0000000086200000|100%| E|CS|TAMS 0x0000000086100000, 0x0000000086100000| Complete 
|  58|0x0000000086200000, 0x0000000086300000, 0x0000000086300000|100%| E|CS|TAMS 0x0000000086200000, 0x0000000086200000| Complete 
|  59|0x0000000086300000, 0x0000000086400000, 0x0000000086400000|100%| E|CS|TAMS 0x0000000086300000, 0x0000000086300000| Complete 
|  60|0x0000000086400000, 0x0000000086500000, 0x0000000086500000|100%| E|CS|TAMS 0x0000000086400000, 0x0000000086400000| Complete 
| 125|0x000000008a500000, 0x000000008a600000, 0x000000008a600000|100%| E|CS|TAMS 0x000000008a500000, 0x000000008a500000| Complete 

Card table byte_map: [0x000001d4f6830000,0x000001d4f6c20000] _byte_map_base: 0x000001d4f641c000

Marking Bits (Prev, Next): (CMBitMap*) 0x000001d4df67b590, (CMBitMap*) 0x000001d4df67b550
 Prev Bits: [0x000001d4f8f70000, 0x000001d4faed0000)
 Next Bits: [0x000001d4f7010000, 0x000001d4f8f70000)

Polling page: 0x000001d4dd540000

Metaspace:

Usage:
  Non-class:     61.23 MB used.
      Class:      9.39 MB used.
       Both:     70.62 MB used.

Virtual space:
  Non-class space:       64.00 MB reserved,      61.50 MB ( 96%) committed,  8 nodes.
      Class space:        1.00 GB reserved,       9.63 MB ( <1%) committed,  1 nodes.
             Both:        1.06 GB reserved,      71.13 MB (  7%) committed. 

Chunk freelists:
   Non-Class:  2.20 MB
       Class:  2.36 MB
        Both:  4.56 MB

MaxMetaspaceSize: unlimited
CompressedClassSpaceSize: 1.00 GB
Initial GC threshold: 21.00 MB
Current GC threshold: 117.44 MB
CDS: on
MetaspaceReclaimPolicy: balanced
 - commit_granule_bytes: 65536.
 - commit_granule_words: 8192.
 - virtual_space_node_default_size: 1048576.
 - enlarge_chunks_in_place: 1.
 - new_chunks_are_fully_committed: 0.
 - uncommit_free_chunks: 1.
 - use_allocation_guard: 0.
 - handle_deallocations: 1.


Internal statistics:

num_allocs_failed_limit: 6.
num_arena_births: 720.
num_arena_deaths: 0.
num_vsnodes_births: 9.
num_vsnodes_deaths: 0.
num_space_committed: 1138.
num_space_uncommitted: 0.
num_chunks_returned_to_freelist: 6.
num_chunks_taken_from_freelist: 3234.
num_chunk_merges: 6.
num_chunk_splits: 2342.
num_chunks_enlarged: 1841.
num_purges: 0.
num_inconsistent_stats: 0.

CodeHeap 'non-profiled nmethods': size=120000Kb used=3716Kb max_used=3716Kb free=116283Kb
 bounds [0x000001d4eebe0000, 0x000001d4eef90000, 0x000001d4f6110000]
CodeHeap 'profiled nmethods': size=120000Kb used=13034Kb max_used=13034Kb free=106966Kb
 bounds [0x000001d4e76b0000, 0x000001d4e8370000, 0x000001d4eebe0000]
CodeHeap 'non-nmethods': size=5760Kb used=1374Kb max_used=1416Kb free=4386Kb
 bounds [0x000001d4e7110000, 0x000001d4e7380000, 0x000001d4e76b0000]
 total_blobs=7701 nmethods=6992 adapters=620
 compilation: enabled
              stopped_count=0, restarted_count=0
 full_count=0

Compilation events (20 events):
Event: 44529.927 Thread 0x000001d4fd4ef3d0 nmethod 7838 0x000001d4e8361010 code [0x000001d4e8361240, 0x000001d4e8361848]
Event: 44529.928 Thread 0x000001d4fd4ef3d0 7836       3       org.h2.command.Parser::<init> (69 bytes)
Event: 44529.932 Thread 0x000001d4fd4ef3d0 nmethod 7836 0x000001d4e8361b10 code [0x000001d4e8361d00, 0x000001d4e8362358]
Event: 44529.932 Thread 0x000001d4fd4ef3d0 7837   !   3       org.h2.command.Parser::parse (50 bytes)
Event: 44529.940 Thread 0x000001d4fd4ef3d0 nmethod 7837 0x000001d4e8362590 code [0x000001d4e83627a0, 0x000001d4e8362fd8]
Event: 46281.636 Thread 0x000001d4fd4ef3d0 7839       3       com.zaxxer.hikari.pool.HikariPool$MaxLifetimeTask::run (35 bytes)
Event: 46281.660 Thread 0x000001d4fd4ef3d0 nmethod 7839 0x000001d4e8363290 code [0x000001d4e8363480, 0x000001d4e8363988]
Event: 46281.661 Thread 0x000001d4fd4ef3d0 7843       3       org.h2.command.Parser::getCompareType (85 bytes)
Event: 46281.662 Thread 0x000001d4fd4ef3d0 nmethod 7843 0x000001d4e8363c90 code [0x000001d4e8363e60, 0x000001d4e83641f8]
Event: 46281.662 Thread 0x000001d4fd4ef3d0 7844       3       org.h2.command.Parser::readAnd (81 bytes)
Event: 46281.694 Thread 0x000001d4fd4ef3d0 nmethod 7844 0x000001d4e8364290 code [0x000001d4e83646c0, 0x000001d4e8366b28]
Event: 46291.143 Thread 0x000001d4fd4ef3d0 7845   !   3       org.h2.command.Parser::prepareCommand (163 bytes)
Event: 46291.167 Thread 0x000001d4fd4ef3d0 nmethod 7845 0x000001d4e8367790 code [0x000001d4e8367ae0, 0x000001d4e8368f48]
Event: 46326.237 Thread 0x000001d4fd4ef3d0 7846   !   3       com.zaxxer.hikari.pool.HikariPool::createPoolEntry (209 bytes)
Event: 46326.239 Thread 0x000001d4fd4e9500 7848 % !   4       java.util.concurrent.ThreadPoolExecutor::runWorker @ 21 (187 bytes)
Event: 46326.284 Thread 0x000001d4fd4ef3d0 nmethod 7846 0x000001d4e8369b90 code [0x000001d4e8369ee0, 0x000001d4e836b3c8]
Event: 46326.285 Thread 0x000001d4fd4ef3d0 7847       3       com.zaxxer.hikari.util.ConcurrentBag::add (73 bytes)
Event: 46326.300 Thread 0x000001d4fd4ef3d0 nmethod 7847 0x000001d4e836bf90 code [0x000001d4e836c1c0, 0x000001d4e836c958]
Event: 46326.504 Thread 0x000001d4fd4e9500 nmethod 7848% 0x000001d4eef7e790 code [0x000001d4eef7ea20, 0x000001d4eef803e0]
Event: 54455.852 Thread 0x000001d4fd4e9500 7849   !   4       java.util.concurrent.ThreadPoolExecutor::runWorker (187 bytes)

GC Heap History (20 events):
Event: 15.412 GC heap before
{Heap before GC invocations=13 (full 0):
 garbage-first heap   total 48128K, used 38462K [0x0000000082800000, 0x0000000100000000)
  region size 1024K, 19 young (19456K), 2 survivors (2048K)
 Metaspace       used 52333K, committed 52736K, reserved 1097728K
  class space    used 7049K, committed 7232K, reserved 1048576K
}
Event: 15.417 GC heap after
{Heap after GC invocations=14 (full 0):
 garbage-first heap   total 48128K, used 22255K [0x0000000082800000, 0x0000000100000000)
  region size 1024K, 3 young (3072K), 3 survivors (3072K)
 Metaspace       used 52333K, committed 52736K, reserved 1097728K
  class space    used 7049K, committed 7232K, reserved 1048576K
}
Event: 15.819 GC heap before
{Heap before GC invocations=14 (full 0):
 garbage-first heap   total 48128K, used 36591K [0x0000000082800000, 0x0000000100000000)
  region size 1024K, 18 young (18432K), 3 survivors (3072K)
 Metaspace       used 53850K, committed 54272K, reserved 1097728K
  class space    used 7263K, committed 7424K, reserved 1048576K
}
Event: 15.823 GC heap after
{Heap after GC invocations=15 (full 0):
 garbage-first heap   total 48128K, used 22906K [0x0000000082800000, 0x0000000100000000)
  region size 1024K, 3 young (3072K), 3 survivors (3072K)
 Metaspace       used 53850K, committed 54272K, reserved 1097728K
  class space    used 7263K, committed 7424K, reserved 1048576K
}
Event: 16.083 GC heap before
{Heap before GC invocations=15 (full 0):
 garbage-first heap   total 48128K, used 38266K [0x0000000082800000, 0x0000000100000000)
  region size 1024K, 18 young (18432K), 3 survivors (3072K)
 Metaspace       used 54066K, committed 54528K, reserved 1097728K
  class space    used 7288K, committed 7488K, reserved 1048576K
}
Event: 16.087 GC heap after
{Heap after GC invocations=16 (full 0):
 garbage-first heap   total 48128K, used 23312K [0x0000000082800000, 0x0000000100000000)
  region size 1024K, 2 young (2048K), 2 survivors (2048K)
 Metaspace       used 54066K, committed 54528K, reserved 1097728K
  class space    used 7288K, committed 7488K, reserved 1048576K
}
Event: 16.758 GC heap before
{Heap before GC invocations=16 (full 0):
 garbage-first heap   total 48128K, used 37648K [0x0000000082800000, 0x0000000100000000)
  region size 1024K, 17 young (17408K), 2 survivors (2048K)
 Metaspace       used 56181K, committed 56640K, reserved 1105920K
  class space    used 7589K, committed 7808K, reserved 1048576K
}
Event: 16.762 GC heap after
{Heap after GC invocations=17 (full 0):
 garbage-first heap   total 58368K, used 24449K [0x0000000082800000, 0x0000000100000000)
  region size 1024K, 3 young (3072K), 3 survivors (3072K)
 Metaspace       used 56181K, committed 56640K, reserved 1105920K
  class space    used 7589K, committed 7808K, reserved 1048576K
}
Event: 17.533 GC heap before
{Heap before GC invocations=18 (full 0):
 garbage-first heap   total 58368K, used 46977K [0x0000000082800000, 0x0000000100000000)
  region size 1024K, 25 young (25600K), 3 survivors (3072K)
 Metaspace       used 58301K, committed 58752K, reserved 1105920K
  class space    used 7984K, committed 8192K, reserved 1048576K
}
Event: 17.537 GC heap after
{Heap after GC invocations=19 (full 0):
 garbage-first heap   total 58368K, used 26663K [0x0000000082800000, 0x0000000100000000)
  region size 1024K, 4 young (4096K), 4 survivors (4096K)
 Metaspace       used 58301K, committed 58752K, reserved 1105920K
  class space    used 7984K, committed 8192K, reserved 1048576K
}
Event: 17.571 GC heap before
{Heap before GC invocations=19 (full 0):
 garbage-first heap   total 58368K, used 27687K [0x0000000082800000, 0x0000000100000000)
  region size 1024K, 5 young (5120K), 4 survivors (4096K)
 Metaspace       used 58366K, committed 58880K, reserved 1105920K
  class space    used 7992K, committed 8256K, reserved 1048576K
}
Event: 17.577 GC heap after
{Heap after GC invocations=20 (full 0):
 garbage-first heap   total 58368K, used 26835K [0x0000000082800000, 0x0000000100000000)
  region size 1024K, 1 young (1024K), 1 survivors (1024K)
 Metaspace       used 58366K, committed 58880K, reserved 1105920K
  class space    used 7992K, committed 8256K, reserved 1048576K
}
Event: 28.845 GC heap before
{Heap before GC invocations=20 (full 0):
 garbage-first heap   total 58368K, used 45267K [0x0000000082800000, 0x0000000100000000)
  region size 1024K, 20 young (20480K), 1 survivors (1024K)
 Metaspace       used 62844K, committed 63360K, reserved 1105920K
  class space    used 8511K, committed 8768K, reserved 1048576K
}
Event: 28.854 GC heap after
{Heap after GC invocations=21 (full 0):
 garbage-first heap   total 58368K, used 28672K [0x0000000082800000, 0x0000000100000000)
  region size 1024K, 3 young (3072K), 3 survivors (3072K)
 Metaspace       used 62844K, committed 63360K, reserved 1105920K
  class space    used 8511K, committed 8768K, reserved 1048576K
}
Event: 30.464 GC heap before
{Heap before GC invocations=22 (full 0):
 garbage-first heap   total 58368K, used 45056K [0x0000000082800000, 0x0000000100000000)
  region size 1024K, 20 young (20480K), 3 survivors (3072K)
 Metaspace       used 69040K, committed 69568K, reserved 1114112K
  class space    used 9303K, committed 9536K, reserved 1048576K
}
Event: 30.468 GC heap after
{Heap after GC invocations=23 (full 0):
 garbage-first heap   total 58368K, used 30108K [0x0000000082800000, 0x0000000100000000)
  region size 1024K, 2 young (2048K), 2 survivors (2048K)
 Metaspace       used 69040K, committed 69568K, reserved 1114112K
  class space    used 9303K, committed 9536K, reserved 1048576K
}
Event: 58.227 GC heap before
{Heap before GC invocations=23 (full 0):
 garbage-first heap   total 58368K, used 46492K [0x0000000082800000, 0x0000000100000000)
  region size 1024K, 18 young (18432K), 2 survivors (2048K)
 Metaspace       used 71461K, committed 72000K, reserved 1114112K
  class space    used 9600K, committed 9856K, reserved 1048576K
}
Event: 58.234 GC heap after
{Heap after GC invocations=24 (full 0):
 garbage-first heap   total 58368K, used 30809K [0x0000000082800000, 0x0000000100000000)
  region size 1024K, 3 young (3072K), 3 survivors (3072K)
 Metaspace       used 71461K, committed 72000K, reserved 1114112K
  class space    used 9600K, committed 9856K, reserved 1048576K
}
Event: 19465.701 GC heap before
{Heap before GC invocations=25 (full 0):
 garbage-first heap   total 58368K, used 47193K [0x0000000082800000, 0x0000000100000000)
  region size 1024K, 19 young (19456K), 3 survivors (3072K)
 Metaspace       used 72141K, committed 72640K, reserved 1114112K
  class space    used 9617K, committed 9856K, reserved 1048576K
}
Event: 19465.960 GC heap after
{Heap after GC invocations=26 (full 0):
 garbage-first heap   total 58368K, used 30889K [0x0000000082800000, 0x0000000100000000)
  region size 1024K, 1 young (1024K), 1 survivors (1024K)
 Metaspace       used 72141K, committed 72640K, reserved 1114112K
  class space    used 9617K, committed 9856K, reserved 1048576K
}

Dll operation events (10 events):
Event: 0.056 Loaded shared library C:\Users\qmfps\.jdks\corretto-17.0.5\bin\java.dll
Event: 0.082 Loaded shared library C:\Users\qmfps\.jdks\corretto-17.0.5\bin\jsvml.dll
Event: 0.688 Loaded shared library C:\Users\qmfps\.jdks\corretto-17.0.5\bin\net.dll
Event: 0.698 Loaded shared library C:\Users\qmfps\.jdks\corretto-17.0.5\bin\nio.dll
Event: 0.708 Loaded shared library C:\Users\qmfps\.jdks\corretto-17.0.5\bin\zip.dll
Event: 1.210 Loaded shared library C:\Users\qmfps\.jdks\corretto-17.0.5\bin\jimage.dll
Event: 3.616 Loaded shared library C:\Users\qmfps\.jdks\corretto-17.0.5\bin\verify.dll
Event: 9.957 Loaded shared library C:\Users\qmfps\.jdks\corretto-17.0.5\bin\sunmscapi.dll
Event: 9.986 Loaded shared library C:\Users\qmfps\.jdks\corretto-17.0.5\bin\management.dll
Event: 9.995 Loaded shared library C:\Users\qmfps\.jdks\corretto-17.0.5\bin\management_ext.dll

Deoptimization events (20 events):
Event: 5397.653 Thread 0x000001d4ff114080 DEOPT PACKING pc=0x000001d4eef58104 sp=0x00000027fe5ff090
Event: 5397.653 Thread 0x000001d4ff114080 DEOPT UNPACKING pc=0x000001d4e71623a3 sp=0x00000027fe5fede8 mode 2
Event: 7081.009 Thread 0x000001d480caf620 DEOPT PACKING pc=0x000001d4e76c6e26 sp=0x00000027fc5fe760
Event: 7081.011 Thread 0x000001d480caf620 DEOPT UNPACKING pc=0x000001d4e7162b43 sp=0x00000027fc5fdbb8 mode 0
Event: 10894.659 Thread 0x000001d4ff114080 Uncommon trap: trap_request=0xffffff45 fr.pc=0x000001d4eef40adc relative=0x0000000000000b7c
Event: 10894.659 Thread 0x000001d4ff114080 Uncommon trap: reason=unstable_if action=reinterpret pc=0x000001d4eef40adc method=java.util.concurrent.locks.AbstractQueuedSynchronizer.isEnqueued(Ljava/util/concurrent/locks/AbstractQueuedSynchronizer$Node;)Z @ 11 c2
Event: 10894.659 Thread 0x000001d4ff114080 DEOPT PACKING pc=0x000001d4eef40adc sp=0x00000027fe5ff050
Event: 10894.661 Thread 0x000001d4ff114080 DEOPT UNPACKING pc=0x000001d4e71623a3 sp=0x00000027fe5feef8 mode 2
Event: 17911.683 Thread 0x000001d4ff114080 Uncommon trap: trap_request=0xffffff45 fr.pc=0x000001d4eef6d15c relative=0x0000000000000a7c
Event: 17911.684 Thread 0x000001d4ff114080 Uncommon trap: reason=unstable_if action=reinterpret pc=0x000001d4eef6d15c method=java.util.concurrent.locks.AbstractQueuedSynchronizer$ConditionObject.unlinkCancelledWaiters(Ljava/util/concurrent/locks/AbstractQueuedSynchronizer$ConditionNode;)V @ 51 c2
Event: 17911.684 Thread 0x000001d4ff114080 DEOPT PACKING pc=0x000001d4eef6d15c sp=0x00000027fe5ff050
Event: 17911.688 Thread 0x000001d4ff114080 DEOPT UNPACKING pc=0x000001d4e71623a3 sp=0x00000027fe5fef58 mode 2
Event: 18861.051 Thread 0x000001d4ffdada70 Uncommon trap: trap_request=0xffffff45 fr.pc=0x000001d4eef6a1d0 relative=0x0000000000000250
Event: 18861.051 Thread 0x000001d4ffdada70 Uncommon trap: reason=unstable_if action=reinterpret pc=0x000001d4eef6a1d0 method=java.util.concurrent.locks.AbstractQueuedSynchronizer$ConditionObject.unlinkCancelledWaiters(Ljava/util/concurrent/locks/AbstractQueuedSynchronizer$ConditionNode;)V @ 51 c2
Event: 18861.051 Thread 0x000001d4ffdada70 DEOPT PACKING pc=0x000001d4eef6a1d0 sp=0x00000027fe6ff330
Event: 18861.055 Thread 0x000001d4ffdada70 DEOPT UNPACKING pc=0x000001d4e71623a3 sp=0x00000027fe6ff2d8 mode 2
Event: 19893.652 Thread 0x000001d4ff114080 Uncommon trap: trap_request=0xffffff45 fr.pc=0x000001d4eef391ec relative=0x0000000000000e0c
Event: 19893.654 Thread 0x000001d4ff114080 Uncommon trap: reason=unstable_if action=reinterpret pc=0x000001d4eef391ec method=java.util.concurrent.locks.AbstractQueuedSynchronizer.acquire(Ljava/util/concurrent/locks/AbstractQueuedSynchronizer$Node;IZZZJ)I @ 99 c2
Event: 19893.654 Thread 0x000001d4ff114080 DEOPT PACKING pc=0x000001d4eef391ec sp=0x00000027fe5feff0
Event: 19893.655 Thread 0x000001d4ff114080 DEOPT UNPACKING pc=0x000001d4e71623a3 sp=0x00000027fe5fef70 mode 2

Classes unloaded (0 events):
No events

Classes redefined (0 events):
No events

Internal exceptions (20 events):
Event: 17.399 Thread 0x000001d4df61e1b0 Exception <a 'java/lang/NoSuchMethodError'{0x0000000084f616e8}: 'int java.lang.invoke.DirectMethodHandle$Holder.invokeStaticInit(java.lang.Object, java.lang.Object, java.lang.Object, java.lang.Object)'> (0x0000000084f616e8) 
thrown [s\src\hotspot\share\interpreter\linkResolver.cpp, line 759]
Event: 17.481 Thread 0x000001d4df61e1b0 Implicit null exception at 0x000001d4eecf37c0 to 0x000001d4eecf39d8
Event: 17.586 Thread 0x000001d4df61e1b0 Exception <a 'java/lang/NoSuchMethodError'{0x000000008a53e4e0}: 'java.lang.Object java.lang.invoke.DirectMethodHandle$Holder.newInvokeSpecial(java.lang.Object, java.lang.Object, int, java.lang.Object, java.lang.Object)'> (0x000000008a53e4e0) 
thrown [s\src\hotspot\share\interpreter\linkResolver.cpp, line 759]
Event: 17.588 Thread 0x000001d4df61e1b0 Exception <a 'java/lang/NoSuchMethodError'{0x000000008a549b58}: 'java.lang.Object java.lang.invoke.DirectMethodHandle$Holder.invokeSpecial(java.lang.Object, java.lang.Object, int, java.lang.Object, int, java.lang.Object)'> (0x000000008a549b58) 
thrown [s\src\hotspot\share\interpreter\linkResolver.cpp, line 759]
Event: 17.588 Thread 0x000001d4df61e1b0 Exception <a 'java/lang/NoSuchMethodError'{0x000000008a551960}: 'java.lang.Object java.lang.invoke.DirectMethodHandle$Holder.newInvokeSpecial(java.lang.Object, java.lang.Object, int, java.lang.Object, int)'> (0x000000008a551960) 
thrown [s\src\hotspot\share\interpreter\linkResolver.cpp, line 759]
Event: 17.589 Thread 0x000001d4df61e1b0 Exception <a 'java/lang/NoSuchMethodError'{0x000000008a555a60}: 'java.lang.Object java.lang.invoke.DirectMethodHandle$Holder.invokeSpecial(java.lang.Object, java.lang.Object, java.lang.Object, int, java.lang.Object, int)'> (0x000000008a555a60) 
thrown [s\src\hotspot\share\interpreter\linkResolver.cpp, line 759]
Event: 21.494 Thread 0x000001d482ee36f0 Exception <a 'java/lang/NoSuchMethodError'{0x0000000085f052b0}: 'java.lang.Object java.lang.invoke.DirectMethodHandle$Holder.invokeSpecial(java.lang.Object, java.lang.Object, java.lang.Object, java.lang.Object, java.lang.Object, long)'> (0x0000000085f052b0) 
thrown [s\src\hotspot\share\interpreter\linkResolver.cpp, line 759]
Event: 21.494 Thread 0x000001d482ee36f0 Exception <a 'java/lang/NoSuchMethodError'{0x0000000085f08cf0}: 'java.lang.Object java.lang.invoke.Invokers$Holder.linkToTargetMethod(java.lang.Object, java.lang.Object, java.lang.Object, long, java.lang.Object)'> (0x0000000085f08cf0) 
thrown [s\src\hotspot\share\interpreter\linkResolver.cpp, line 759]
Event: 28.658 Thread 0x000001d480cb17d0 Exception <a 'sun/nio/fs/WindowsException'{0x00000000853388b0}> (0x00000000853388b0) 
thrown [s\src\hotspot\share\prims\jni.cpp, line 516]
Event: 30.408 Thread 0x000001d480cb17d0 Exception <a 'java/lang/IncompatibleClassChangeError'{0x00000000851b3968}: Found class java.lang.Object, but interface was expected> (0x00000000851b3968) 
thrown [s\src\hotspot\share\interpreter\linkResolver.cpp, line 826]
Event: 30.477 Thread 0x000001d480cb17d0 Exception <a 'java/lang/reflect/InvocationTargetException'{0x000000008a515bb8}> (0x000000008a515bb8) 
thrown [s\src\hotspot\share\runtime\reflection.cpp, line 1121]
Event: 30.578 Thread 0x000001d480cb17d0 Exception <a 'java/lang/reflect/InvocationTargetException'{0x000000008630f810}> (0x000000008630f810) 
thrown [s\src\hotspot\share\runtime\reflection.cpp, line 1121]
Event: 39.698 Thread 0x000001d482ee3220 Exception <a 'java/lang/reflect/InvocationTargetException'{0x00000000861d2530}> (0x00000000861d2530) 
thrown [s\src\hotspot\share\runtime\reflection.cpp, line 1121]
Event: 39.704 Thread 0x000001d482ee3220 Exception <a 'java/lang/reflect/InvocationTargetException'{0x00000000861db408}> (0x00000000861db408) 
thrown [s\src\hotspot\share\runtime\reflection.cpp, line 1121]
Event: 41.366 Thread 0x000001d480cb0490 Exception <a 'java/lang/NoSuchMethodError'{0x00000000860ae958}: 'java.lang.Object java.lang.invoke.DirectMethodHandle$Holder.invokeInterface(java.lang.Object, java.lang.Object, java.lang.Object, java.lang.Object)'> (0x00000000860ae958) 
thrown [s\src\hotspot\share\interpreter\linkResolver.cpp, line 759]
Event: 41.549 Thread 0x000001d480cabc60 Exception <a 'java/lang/NoSuchMethodError'{0x000000008592e408}: 'java.lang.Object java.lang.invoke.DirectMethodHandle$Holder.invokeStatic(java.lang.Object, int, int)'> (0x000000008592e408) 
thrown [s\src\hotspot\share\interpreter\linkResolver.cpp, line 759]
Event: 5394.662 Thread 0x000001d4ff114080 Implicit null exception at 0x000001d4eef57e33 to 0x000001d4eef580e8
Event: 5395.659 Thread 0x000001d4ff114080 Implicit null exception at 0x000001d4eef57e33 to 0x000001d4eef580e8
Event: 5396.661 Thread 0x000001d4ff114080 Implicit null exception at 0x000001d4eef57e33 to 0x000001d4eef580e8
Event: 5397.653 Thread 0x000001d4ff114080 Implicit null exception at 0x000001d4eef57e33 to 0x000001d4eef580e8

VM Operations (20 events):
Event: 26932.486 Executing VM operation: Cleanup
Event: 26932.488 Executing VM operation: Cleanup done
Event: 28397.175 Executing VM operation: Cleanup
Event: 28397.177 Executing VM operation: Cleanup done
Event: 30294.634 Executing VM operation: Cleanup
Event: 30294.635 Executing VM operation: Cleanup done
Event: 32057.411 Executing VM operation: Cleanup
Event: 32057.413 Executing VM operation: Cleanup done
Event: 33601.690 Executing VM operation: Cleanup
Event: 33601.699 Executing VM operation: Cleanup done
Event: 33611.769 Executing VM operation: Cleanup
Event: 33611.769 Executing VM operation: Cleanup done
Event: 33651.103 Executing VM operation: Cleanup
Event: 33651.118 Executing VM operation: Cleanup done
Event: 42739.892 Executing VM operation: Cleanup
Event: 42739.896 Executing VM operation: Cleanup done
Event: 46291.520 Executing VM operation: Cleanup
Event: 46291.522 Executing VM operation: Cleanup done
Event: 46310.680 Executing VM operation: Cleanup
Event: 46310.682 Executing VM operation: Cleanup done

Events (20 events):
Event: 46277.115 Thread 0x000001d480cade10 Thread added: 0x000001d480cade10
Event: 46277.115 Thread 0x000001d480cab2c0 Thread added: 0x000001d480cab2c0
Event: 46286.644 Thread 0x000001d480cade10 Thread exited: 0x000001d480cade10
Event: 46286.659 Thread 0x000001d480cab2c0 Thread exited: 0x000001d480cab2c0
Event: 46291.140 Thread 0x000001d480cade10 Thread added: 0x000001d480cade10
Event: 46291.140 Thread 0x000001d480caf150 Thread added: 0x000001d480caf150
Event: 46296.149 Thread 0x000001d480cade10 Thread exited: 0x000001d480cade10
Event: 46296.164 Thread 0x000001d480caf150 Thread exited: 0x000001d480caf150
Event: 46299.729 Thread 0x000001d480caa450 Thread added: 0x000001d480caa450
Event: 46299.731 Thread 0x000001d480cab2c0 Thread added: 0x000001d480cab2c0
Event: 46304.735 Thread 0x000001d480caa450 Thread exited: 0x000001d480caa450
Event: 46304.765 Thread 0x000001d480cab2c0 Thread exited: 0x000001d480cab2c0
Event: 46309.849 Thread 0x000001d480cacad0 Thread added: 0x000001d480cacad0
Event: 46309.850 Thread 0x000001d480caffc0 Thread added: 0x000001d480caffc0
Event: 46314.863 Thread 0x000001d480cacad0 Thread exited: 0x000001d480cacad0
Event: 46314.894 Thread 0x000001d480caffc0 Thread exited: 0x000001d480caffc0
Event: 46326.235 Thread 0x000001d480ca9f80 Thread added: 0x000001d480ca9f80
Event: 46326.236 Thread 0x000001d480caa450 Thread added: 0x000001d480caa450
Event: 46331.249 Thread 0x000001d480ca9f80 Thread exited: 0x000001d480ca9f80
Event: 46331.255 Thread 0x000001d480caa450 Thread exited: 0x000001d480caa450


Dynamic libraries:
0x00007ff7591d0000 - 0x00007ff7591dd000 	C:\Users\qmfps\.jdks\corretto-17.0.5\bin\java.exe
0x00007ffd1c160000 - 0x00007ffd1c369000 	C:\WINDOWS\SYSTEM32\ntdll.dll
0x00007ffd1aec0000 - 0x00007ffd1af7d000 	C:\WINDOWS\System32\KERNEL32.DLL
0x00007ffd19970000 - 0x00007ffd19ce9000 	C:\WINDOWS\System32\KERNELBASE.dll
0x00007ffd19790000 - 0x00007ffd198a1000 	C:\WINDOWS\System32\ucrtbase.dll
0x00007ffd07e80000 - 0x00007ffd07e95000 	C:\Users\qmfps\.jdks\corretto-17.0.5\bin\VCRUNTIME140.dll
0x00007ffd07ea0000 - 0x00007ffd07eb7000 	C:\Users\qmfps\.jdks\corretto-17.0.5\bin\jli.dll
0x00007ffd1acd0000 - 0x00007ffd1ae7c000 	C:\WINDOWS\System32\USER32.dll
0x00007ffd19760000 - 0x00007ffd19786000 	C:\WINDOWS\System32\win32u.dll
0x00007ffd1c0f0000 - 0x00007ffd1c119000 	C:\WINDOWS\System32\GDI32.dll
0x00007ffd19640000 - 0x00007ffd19752000 	C:\WINDOWS\System32\gdi32full.dll
0x00007ffd19cf0000 - 0x00007ffd19d8d000 	C:\WINDOWS\System32\msvcp_win.dll
0x00007ffd013d0000 - 0x00007ffd01675000 	C:\WINDOWS\WinSxS\amd64_microsoft.windows.common-controls_6595b64144ccf1df_6.0.22000.120_none_9d947278b86cc467\COMCTL32.dll
0x00007ffd1c040000 - 0x00007ffd1c0e3000 	C:\WINDOWS\System32\msvcrt.dll
0x00007ffd1ae80000 - 0x00007ffd1aeb1000 	C:\WINDOWS\System32\IMM32.DLL
0x00007ffcc20b0000 - 0x00007ffcc214b000 	C:\Users\qmfps\.jdks\corretto-17.0.5\bin\msvcp140.dll
0x00007ffc92d50000 - 0x00007ffc93964000 	C:\Users\qmfps\.jdks\corretto-17.0.5\bin\server\jvm.dll
0x00007ffd1a6c0000 - 0x00007ffd1a76e000 	C:\WINDOWS\System32\ADVAPI32.dll
0x00007ffd1bf20000 - 0x00007ffd1bfbe000 	C:\WINDOWS\System32\sechost.dll
0x00007ffd19ff0000 - 0x00007ffd1a110000 	C:\WINDOWS\System32\RPCRT4.dll
0x00007ffd13670000 - 0x00007ffd136a3000 	C:\WINDOWS\SYSTEM32\WINMM.dll
0x00007ffd05fa0000 - 0x00007ffd05fa9000 	C:\WINDOWS\SYSTEM32\WSOCK32.dll
0x00007ffd1bc20000 - 0x00007ffd1bc8f000 	C:\WINDOWS\System32\WS2_32.dll
0x00007ffd13660000 - 0x00007ffd1366a000 	C:\WINDOWS\SYSTEM32\VERSION.dll
0x00007ffd18740000 - 0x00007ffd18758000 	C:\WINDOWS\SYSTEM32\kernel.appcore.dll
0x00007ffd12930000 - 0x00007ffd1293a000 	C:\Users\qmfps\.jdks\corretto-17.0.5\bin\jimage.dll
0x00007ffd171b0000 - 0x00007ffd173d1000 	C:\WINDOWS\SYSTEM32\DBGHELP.DLL
0x00007ffd03f70000 - 0x00007ffd03fa1000 	C:\WINDOWS\SYSTEM32\dbgcore.DLL
0x00007ffd19f00000 - 0x00007ffd19f7f000 	C:\WINDOWS\System32\bcryptPrimitives.dll
0x00007ffd07e50000 - 0x00007ffd07e75000 	C:\Users\qmfps\.jdks\corretto-17.0.5\bin\java.dll
0x00007ffcbf360000 - 0x00007ffcbf436000 	C:\Users\qmfps\.jdks\corretto-17.0.5\bin\jsvml.dll
0x00007ffd1aff0000 - 0x00007ffd1b7a8000 	C:\WINDOWS\System32\SHELL32.dll
0x00007ffd177b0000 - 0x00007ffd18017000 	C:\WINDOWS\SYSTEM32\windows.storage.dll
0x00007ffd1a200000 - 0x00007ffd1a579000 	C:\WINDOWS\System32\combase.dll
0x00007ffd17640000 - 0x00007ffd177a6000 	C:\WINDOWS\SYSTEM32\wintypes.dll
0x00007ffd1a110000 - 0x00007ffd1a1fa000 	C:\WINDOWS\System32\SHCORE.dll
0x00007ffd1beb0000 - 0x00007ffd1bf0d000 	C:\WINDOWS\System32\shlwapi.dll
0x00007ffd19570000 - 0x00007ffd19591000 	C:\WINDOWS\SYSTEM32\profapi.dll
0x00007ffd068e0000 - 0x00007ffd068f9000 	C:\Users\qmfps\.jdks\corretto-17.0.5\bin\net.dll
0x00007ffd145a0000 - 0x00007ffd146ac000 	C:\WINDOWS\SYSTEM32\WINHTTP.dll
0x00007ffd18b70000 - 0x00007ffd18bd7000 	C:\WINDOWS\system32\mswsock.dll
0x00007ffce2a00000 - 0x00007ffce2a15000 	C:\Users\qmfps\.jdks\corretto-17.0.5\bin\nio.dll
0x00007ffce29e0000 - 0x00007ffce29f8000 	C:\Users\qmfps\.jdks\corretto-17.0.5\bin\zip.dll
0x00007ffd08110000 - 0x00007ffd08120000 	C:\Users\qmfps\.jdks\corretto-17.0.5\bin\verify.dll
0x00007ffd18dc0000 - 0x00007ffd18dd8000 	C:\WINDOWS\SYSTEM32\CRYPTSP.dll
0x00007ffd186a0000 - 0x00007ffd186d5000 	C:\WINDOWS\system32\rsaenh.dll
0x00007ffd18c60000 - 0x00007ffd18c89000 	C:\WINDOWS\SYSTEM32\USERENV.dll
0x00007ffd18f30000 - 0x00007ffd18f57000 	C:\WINDOWS\SYSTEM32\bcrypt.dll
0x00007ffd18db0000 - 0x00007ffd18dbc000 	C:\WINDOWS\SYSTEM32\CRYPTBASE.dll
0x00007ffd18270000 - 0x00007ffd1829d000 	C:\WINDOWS\SYSTEM32\IPHLPAPI.DLL
0x00007ffd1bf10000 - 0x00007ffd1bf19000 	C:\WINDOWS\System32\NSI.dll
0x00007ffd123a0000 - 0x00007ffd123b9000 	C:\WINDOWS\SYSTEM32\dhcpcsvc6.DLL
0x00007ffd12b40000 - 0x00007ffd12b5e000 	C:\WINDOWS\SYSTEM32\dhcpcsvc.DLL
0x00007ffd182e0000 - 0x00007ffd183c8000 	C:\WINDOWS\SYSTEM32\DNSAPI.dll
0x00007ffd07df0000 - 0x00007ffd07dfe000 	C:\Users\qmfps\.jdks\corretto-17.0.5\bin\sunmscapi.dll
0x00007ffd19d90000 - 0x00007ffd19ef2000 	C:\WINDOWS\System32\CRYPT32.dll
0x00007ffd18f00000 - 0x00007ffd18f28000 	C:\WINDOWS\SYSTEM32\ncrypt.dll
0x00007ffd18ec0000 - 0x00007ffd18ef7000 	C:\WINDOWS\SYSTEM32\NTASN1.dll
0x00007ffd07e10000 - 0x00007ffd07e19000 	C:\Users\qmfps\.jdks\corretto-17.0.5\bin\management.dll
0x00007ffd07e00000 - 0x00007ffd07e0b000 	C:\Users\qmfps\.jdks\corretto-17.0.5\bin\management_ext.dll
0x00007ffd1bc90000 - 0x00007ffd1bc98000 	C:\WINDOWS\System32\PSAPI.DLL
0x00007ffd071e0000 - 0x00007ffd071e8000 	C:\WINDOWS\system32\wshunix.dll
0x0000000072160000 - 0x0000000072186000 	C:\Program Files\Bonjour\mdnsNSP.dll
0x00007ffd0fcb0000 - 0x00007ffd0fcba000 	C:\Windows\System32\rasadhlp.dll
0x00007ffd0fdb0000 - 0x00007ffd0fe31000 	C:\WINDOWS\System32\fwpuclnt.dll

dbghelp: loaded successfully - version: 4.0.5 - missing functions: none
symbol engine: initialized successfully - sym options: 0x614 - pdb path: .;C:\Users\qmfps\.jdks\corretto-17.0.5\bin;C:\WINDOWS\SYSTEM32;C:\WINDOWS\WinSxS\amd64_microsoft.windows.common-controls_6595b64144ccf1df_6.0.22000.120_none_9d947278b86cc467;C:\Users\qmfps\.jdks\corretto-17.0.5\bin\server;C:\Program Files\Bonjour

VM Arguments:
jvm_args: -Dfile.encoding=x-windows-949 -Duser.country=KR -Duser.language=ko -Duser.variant 
java_command: com.example.ama_backend.AmaBackendApplication
java_class_path (initial): C:\Users\qmfps\IntellijProject\ama_backend\build\classes\java\main;C:\Users\qmfps\IntellijProject\ama_backend\build\resources\main;C:\Users\qmfps\.gradle\caches\modules-2\files-2.1\org.springframework.boot\spring-boot-starter-mustache\3.0.5\84bf1b481e56f149b92901c3ac2f6f764e003d3e\spring-boot-starter-mustache-3.0.5.jar;C:\Users\qmfps\.gradle\caches\modules-2\files-2.1\org.springframework.boot\spring-boot-starter-data-jpa\3.0.5\3878bf2b2555fc1d38a9ebde0169eec4eaf6bf1c\spring-boot-starter-data-jpa-3.0.5.jar;C:\Users\qmfps\.gradle\caches\modules-2\files-2.1\org.springframework.boot\spring-boot-starter-web\3.0.5\c8f9a85fed134963b69cb2f2a0dcf151047b6cd1\spring-boot-starter-web-3.0.5.jar;C:\Users\qmfps\.gradle\caches\modules-2\files-2.1\junit\junit\4.13.1\cdd00374f1fee76b11e2a9d127405aa3f6be5b6a\junit-4.13.1.jar;C:\Users\qmfps\.gradle\caches\modules-2\files-2.1\org.springframework.boot\spring-boot-starter-oauth2-client\3.0.5\2ebf68f0f8b56d297297812e4c21c7f74452346c\spring-boot-starter-oauth2-client-3.0.5.jar;C:\Users\qmfps\.gradle\caches\modules-2\files-2.1\io.jsonwebtoken\jjwt\0.9.1\54d2abfc3e63a28824d35bf600d6a5d627da681a\jjwt-0.9.1.jar;C:\Users\qmfps\.gradle\caches\modules-2\files-2.1\javax.validation\validation-api\2.0.1.Final\cb855558e6271b1b32e716d24cb85c7f583ce09e\validation-api-2.0.1.Final.jar;C:\Users\qmfps\.gradle\caches\modules-2\files-2.1\commons-io\commons-io\2.11.0\a2503f302b11ebde7ebc3df41daebe0e4eea3689\commons-io-2.11.0.jar;C:\Users\qmfps\.gradle\caches\modules-2\files-2.1\org.springframework.boot\spring-boot-starter-security\3.0.5\9b6d2f74bda45211dca26ff5268f6c968bb7de19\spring-boot-starter-security-3.0.5.jar;C:\Users\qmfps\.gradle\caches\modules-2\files-2.1\io.jsonwebtoken\jjwt-impl\0.11.5\40a599f0e8a8e4e0701596fbb15e67bfda64fdf0\jjwt-impl-0.11.5.jar;C:\Users\qmfps\.gradle\caches\modules-2\files-2.1\io.jsonwebtoken\jjwt-jackson\0.11.5\3b83a06809e98a69402d7333dcf67df6f6ea4579\jjwt-jackson-0.11.5.jar;C:\Users\qmfps\.gradle\cac
Launcher Type: SUN_STANDARD

[Global flags]
     intx CICompilerCount                          = 4                                         {product} {ergonomic}
     uint ConcGCThreads                            = 2                                         {product} {ergonomic}
     uint G1ConcRefinementThreads                  = 8                                         {product} {ergonomic}
   size_t G1HeapRegionSize                         = 1048576                                   {product} {ergonomic}
    uintx GCDrainStackTargetSize                   = 64                                        {product} {ergonomic}
   size_t InitialHeapSize                          = 132120576                                 {product} {ergonomic}
   size_t MarkStackSize                            = 4194304                                   {product} {ergonomic}
   size_t MaxHeapSize                              = 2105540608                                {product} {ergonomic}
   size_t MaxNewSize                               = 1262485504                                {product} {ergonomic}
   size_t MinHeapDeltaBytes                        = 1048576                                   {product} {ergonomic}
   size_t MinHeapSize                              = 8388608                                   {product} {ergonomic}
    uintx NonNMethodCodeHeapSize                   = 5839372                                {pd product} {ergonomic}
    uintx NonProfiledCodeHeapSize                  = 122909434                              {pd product} {ergonomic}
    uintx ProfiledCodeHeapSize                     = 122909434                              {pd product} {ergonomic}
    uintx ReservedCodeCacheSize                    = 251658240                              {pd product} {ergonomic}
     bool SegmentedCodeCache                       = true                                      {product} {ergonomic}
   size_t SoftMaxHeapSize                          = 2105540608                             {manageable} {ergonomic}
     bool UseCompressedClassPointers               = true                           {product lp64_product} {ergonomic}
     bool UseCompressedOops                        = true                           {product lp64_product} {ergonomic}
     bool UseG1GC                                  = true                                      {product} {ergonomic}
     bool UseLargePagesIndividualAllocation        = false                                  {pd product} {ergonomic}

Logging:
Log output configuration:
 #0: stdout all=warning uptime,level,tags
 #1: stderr all=off uptime,level,tags

Environment Variables:
JAVA_HOME=C:\Program Files (x86)\Java\jdk-18
PATH=C:\Program Files (x86)\Common Files\Oracle\Java\javapath;C:\Program Files (x86)\Intel\iCLS Client\;C:\Program Files\Intel\iCLS Client\;C:\WINDOWS\system32;C:\WINDOWS;C:\WINDOWS\System32\Wbem;C:\WINDOWS\System32\WindowsPowerShell\v1.0\;C:\WINDOWS\System32\OpenSSH\;C:\Program Files (x86)\Intel\Intel(R) Management Engine Components\DAL;C:\Program Files\Intel\Intel(R) Management Engine Components\DAL;C:\Program Files (x86)\Intel\Intel(R) Management Engine Components\IPT;C:\Program Files\Intel\Intel(R) Management Engine Components\IPT;C:\Program Files\Git\cmd;C:\Program Files (x86)\Windows Kits\10\Windows Performance Toolkit\;C:\Program Files\PuTTY\;C:\Program Files\Amazon\AWSCLIV2\;C:\Users\qmfps\AppData\Local\Programs\Python\Python37\Scripts;C:\Users\qmfps\AppData\Local\Programs\Python\Python37;C:\WINDOWS\system32\config\systemprofile\AppData\Roaming\Python\Python37\Scripts;C:\Users\qmfps\AppData\Roaming\nvm;C:\Program Files\nodejs;c:\users\qmfps\appdata\roaming\python\python37\site-packages;C:\Program Files\MySQL\MySQL Shell 8.0\bin\;C:\Program Files (x86)\Java\jdk-18\bin;C:\Users\qmfps\AppData\Local\Microsoft\WindowsApps;C:\Users\qmfps\AppData\Local\Programs\Microsoft VS Code\bin;C:\Users\qmfps\AppData\Roaming\npm;C:\Users\qmfps\AppData\Local\JetBrains\Toolbox\scripts;C:\Users\qmfps\AppData\Local\Programs\Python\Python37\Scripts;C:\Users\qmfps\AppData\Local\Programs\Python\Python37;C:\Users\qmfps\AppData\Roaming\nvm;C:\Program Files\nodejs;C:\Users\qmfps\AppData\Local\GitHubDesktop\bin;c:\users\qmfps\appdata\roaming\python\python37\site-packages;
USERNAME=qmfps
OS=Windows_NT
PROCESSOR_IDENTIFIER=Intel64 Family 6 Model 142 Stepping 10, GenuineIntel
TMP=C:\Users\qmfps\AppData\Local\Temp
TEMP=C:\Users\qmfps\AppData\Local\Temp



---------------  S Y S T E M  ---------------

OS:
 Windows 11 , 64 bit Build 22000 (10.0.22000.708)
OS uptime: 2 days 7:34 hours

CPU: total 8 (initial active 8) (4 cores per cpu, 2 threads per core) family 6 model 142 stepping 10 microcode 0xe0, cx8, cmov, fxsr, ht, mmx, 3dnowpref, sse, sse2, sse3, ssse3, sse4.1, sse4.2, popcnt, lzcnt, tsc, tscinvbit, avx, avx2, aes, erms, clmul, bmi1, bmi2, adx, fma, vzeroupper, clflush, clflushopt

Memory: 4k page, system-wide physical 8025M (420M free)
TotalPageFile size 32601M (AvailPageFile size 94M)
current process WorkingSet (physical memory assigned to process): 36M, peak: 233M
current process commit charge ("private bytes"): 259M, peak: 270M

vm_info: OpenJDK 64-Bit Server VM (17.0.5+8-LTS) for windows-amd64 JRE (17.0.5+8-LTS), built on Oct 13 2022 05:18:14 by "Administrator" with MS VC++ 15.9 (VS2017)

END.
